C:\Windows\system32\wsl.exe --distribution Ubuntu-20.04 --exec /bin/bash -c "export CMAKE_COLOR_DIAGNOSTICS=ON && export CLION_IDE=TRUE && export JETBRAINS_IDE=TRUE && cd /mnt/f/leetcode/cmake-build-debug && /usr/bin/cmake -DCMAKE_BUILD_TYPE=Debug -G 'CodeBlocks - Unix Makefiles' -S /mnt/f/leetcode -B /mnt/f/leetcode/cmake-build-debug"
-- CMAKE_CXX_COMPILER_ID: GNU
-- 3rd-party: start fetch GoogleTest...
[ 11%] Performing download step (git clone) for 'googletest-populate'
Cloning into 'googletest-src'...
fatal: unable to access 'https://hub.fastgit.org/google/googletest.git/': Failed to connect to hub.fastgit.org port 443: Connection timed out
Cloning into 'googletest-src'...
fatal: unable to access 'https://hub.fastgit.org/google/googletest.git/': Failed to connect to hub.fastgit.org port 443: Connection timed out
Cloning into 'googletest-src'...
fatal: unable to access 'https://hub.fastgit.org/google/googletest.git/': Failed to connect to hub.fastgit.org port 443: Connection timed out
-- Had to git clone more than once:
          3 times.
CMake Error at googletest-subbuild/googletest-populate-prefix/tmp/googletest-populate-gitclone.cmake:31 (message):
  Failed to clone repository: 'https://hub.fastgit.org/google/googletest.git'


make[2]: *** [CMakeFiles/googletest-populate.dir/build.make:92: googletest-populate-prefix/src/googletest-populate-stamp/googletest-populate-download] Error 1
make[1]: *** [CMakeFiles/Makefile2:76: CMakeFiles/googletest-populate.dir/all] Error 2
make: *** [Makefile:84: all] Error 2

CMake Error at /usr/share/cmake-3.16/Modules/FetchContent.cmake:915 (message):
  Build step for googletest failed: 2
Call Stack (most recent call first):
  /usr/share/cmake-3.16/Modules/FetchContent.cmake:1006 (__FetchContent_directPopulate)
  /usr/share/cmake-3.16/Modules/FetchContent.cmake:1047 (FetchContent_Populate)
  CMakeLists.txt:41 (FetchContent_MakeAvailable)


-- Configuring incomplete, errors occurred!
See also "/mnt/f/leetcode/cmake-build-debug/CMakeFiles/CMakeOutput.log".
